
[21-Apr-2020 18:24:33 Europe/Zurich] update hr_mysql_live.ohrm_customer set description = 'RAK Bank PJSC

' where id = 63
[21-Apr-2020 18:25:15 Europe/Zurich] update hr_mysql_live.ohrm_customer set description = 'RAK Bank PJSC' where id = 63
[21-Apr-2020 18:26:02 Europe/Zurich] update hr_mysql_live.ohrm_customer set description = 'RAK Bank PJSC' where customer_id = 63
[21-Apr-2020 18:26:28 Europe/Zurich] update hr_mysql_live.ohrm_customer set region_id = '2' where customer_id = 63
[21-Apr-2020 19:45:43 Europe/Zurich] update hr_mysql_live.ohrm_customer set region_id = '2' where customer_id = 26
[22-Apr-2020 12:59:37 Europe/Zurich] 
  select customer_id, name, description , region_name,case when is_deleted = 1 then 'DELETED' else 'ACTIVE' end active
    from hr_mysql_live.ohrm_customer a
   inner join opp_region b on a.region_id = b.id
  where
  1=1 and a.region_id = 2
[22-Apr-2020 13:01:12 Europe/Zurich] 
  select customer_id, name, description , region_name,case when is_deleted = 1 then 'DELETED' else 'ACTIVE' end active
    from hr_mysql_live.ohrm_customer a
   inner join opp_region b on a.region_id = b.id
  where
  1=1 
[22-Apr-2020 13:01:23 Europe/Zurich] 
  select customer_id, name, description , region_name,case when is_deleted = 1 then 'DELETED' else 'ACTIVE' end active
    from hr_mysql_live.ohrm_customer a
   inner join opp_region b on a.region_id = b.id
  where
  1=1 
[22-Apr-2020 13:09:07 Europe/Zurich] 
[22-Apr-2020 13:09:07 Europe/Zurich] 
  select customer_id, name, description , region_name,case when is_deleted = 1 then 'DELETED' else 'ACTIVE' end active
    from hr_mysql_live.ohrm_customer a
   inner join opp_region b on a.region_id = b.id
  where
  1=1 
[22-Apr-2020 13:09:23 Europe/Zurich] and is_deleted = D
[22-Apr-2020 13:09:23 Europe/Zurich] 
  select customer_id, name, description , region_name,case when is_deleted = 1 then 'DELETED' else 'ACTIVE' end active
    from hr_mysql_live.ohrm_customer a
   inner join opp_region b on a.region_id = b.id
  where
  1=1 and is_deleted = D
[22-Apr-2020 13:10:38 Europe/Zurich] 
[22-Apr-2020 13:10:38 Europe/Zurich] 
  select customer_id, name, description , region_name,case when is_deleted = 1 then 'DELETED' else 'ACTIVE' end active
    from hr_mysql_live.ohrm_customer a
   inner join opp_region b on a.region_id = b.id
  where
  1=1 
[22-Apr-2020 13:10:49 Europe/Zurich] 
[22-Apr-2020 13:10:49 Europe/Zurich] 
  select customer_id, name, description , region_name,case when is_deleted = 1 then 'DELETED' else 'ACTIVE' end active
    from hr_mysql_live.ohrm_customer a
   inner join opp_region b on a.region_id = b.id
  where
  1=1 
[22-Apr-2020 13:13:20 Europe/Zurich] 
[22-Apr-2020 13:13:20 Europe/Zurich] 
  select customer_id, name, description , region_name,case when is_deleted = 1 then 'DELETED' else 'ACTIVE' end active
    from hr_mysql_live.ohrm_customer a
   inner join opp_region b on a.region_id = b.id
  where
  1=1 
[22-Apr-2020 13:13:24 Europe/Zurich] 1
[22-Apr-2020 13:13:24 Europe/Zurich] 
  select customer_id, name, description , region_name,case when is_deleted = 1 then 'DELETED' else 'ACTIVE' end active
    from hr_mysql_live.ohrm_customer a
   inner join opp_region b on a.region_id = b.id
  where
  1=1 1
[22-Apr-2020 13:14:07 Europe/Zurich] 1
[22-Apr-2020 13:14:07 Europe/Zurich] 
  select customer_id, name, description , region_name,case when is_deleted = 1 then 'DELETED' else 'ACTIVE' end active
    from hr_mysql_live.ohrm_customer a
   inner join opp_region b on a.region_id = b.id
  where
  1=1 1
[22-Apr-2020 13:15:20 Europe/Zurich] EMPTY
[22-Apr-2020 13:15:20 Europe/Zurich] 
  select customer_id, name, description , region_name,case when is_deleted = 1 then 'DELETED' else 'ACTIVE' end active
    from hr_mysql_live.ohrm_customer a
   inner join opp_region b on a.region_id = b.id
  where
  1=1 
[22-Apr-2020 13:15:26 Europe/Zurich] EMPTY
[22-Apr-2020 13:15:26 Europe/Zurich] 
  select customer_id, name, description , region_name,case when is_deleted = 1 then 'DELETED' else 'ACTIVE' end active
    from hr_mysql_live.ohrm_customer a
   inner join opp_region b on a.region_id = b.id
  where
  1=1 1
[22-Apr-2020 13:15:43 Europe/Zurich] EMPTY
[22-Apr-2020 13:15:43 Europe/Zurich] 
  select customer_id, name, description , region_name,case when is_deleted = 1 then 'DELETED' else 'ACTIVE' end active
    from hr_mysql_live.ohrm_customer a
   inner join opp_region b on a.region_id = b.id
  where
  1=1 
[22-Apr-2020 13:17:25 Europe/Zurich] and is_deleted = 0
[22-Apr-2020 13:17:25 Europe/Zurich] 
  select customer_id, name, description , region_name,case when is_deleted = 1 then 'DELETED' else 'ACTIVE' end active
    from hr_mysql_live.ohrm_customer a
   inner join opp_region b on a.region_id = b.id
  where
  1=1  and is_deleted = 0
[22-Apr-2020 13:18:17 Europe/Zurich] and is_deleted = 0
[22-Apr-2020 13:18:17 Europe/Zurich] 
  select customer_id, name, description , region_name,case when is_deleted = 1 then 'DELETED' else 'ACTIVE' end active
    from hr_mysql_live.ohrm_customer a
   inner join opp_region b on a.region_id = b.id
  where
  1=1  and a.region_id = 1 and is_deleted = 0
[22-Apr-2020 13:18:25 Europe/Zurich] EMPTY
[22-Apr-2020 13:18:25 Europe/Zurich] 
  select customer_id, name, description , region_name,case when is_deleted = 1 then 'DELETED' else 'ACTIVE' end active
    from hr_mysql_live.ohrm_customer a
   inner join opp_region b on a.region_id = b.id
  where
  1=1  and a.region_id = 1
